# JRE version: Java(TM) SE Runtime Environment (13.0.2+8) (build 13.0.2+8)
# Java VM: Java HotSpot(TM) 64-Bit Server VM (13.0.2+8, mixed mode, sharing, tiered, compressed oops, parallel gc, windows-amd64)
Heap:
 PSYoungGen      total 23552K, used 12509K [0x00000000eab00000, 0x00000000ece00000, 0x0000000100000000)
  eden space 20480K, 61% used [0x00000000eab00000,0x00000000eb737790,0x00000000ebf00000)
  from space 3072K, 0% used [0x00000000ec500000,0x00000000ec500000,0x00000000ec800000)
  to   space 6144K, 0% used [0x00000000ebf00000,0x00000000ebf00000,0x00000000ec500000)
 ParOldGen       total 68608K, used 16223K [0x00000000c0000000, 0x00000000c4300000, 0x00000000eab00000)
  object space 68608K, 23% used [0x00000000c0000000,0x00000000c0fd7c60,0x00000000c4300000)
 Metaspace       used 35730K, capacity 37730K, committed 37848K, reserved 1083392K
  class space    used 3811K, capacity 4579K, committed 4608K, reserved 1048576K
GC Heap History (20 events):
Event: 6.351 GC heap before
{Heap before GC invocations=3 (full 0):
 PSYoungGen      total 29696K, used 29562K [0x00000000eab00000, 0x00000000ecc00000, 0x0000000100000000)
  eden space 25600K, 99% used [0x00000000eab00000,0x00000000ec3e6790,0x00000000ec400000)
  from space 4096K, 99% used [0x00000000ec800000,0x00000000ecbf8388,0x00000000ecc00000)
  to   space 4096K, 0% used [0x00000000ec400000,0x00000000ec400000,0x00000000ec800000)
 ParOldGen       total 68608K, used 796K [0x00000000c0000000, 0x00000000c4300000, 0x00000000eab00000)
  object space 68608K, 1% used [0x00000000c0000000,0x00000000c00c7288,0x00000000c4300000)
 Metaspace       used 13884K, capacity 14857K, committed 15104K, reserved 1062912K
  class space    used 1359K, capacity 1683K, committed 1792K, reserved 1048576K
}
Event: 6.364 GC heap after
{Heap after GC invocations=3 (full 0):
 PSYoungGen      total 29696K, used 4084K [0x00000000eab00000, 0x00000000ecc00000, 0x0000000100000000)
  eden space 25600K, 0% used [0x00000000eab00000,0x00000000eab00000,0x00000000ec400000)
  from space 4096K, 99% used [0x00000000ec400000,0x00000000ec7fd228,0x00000000ec800000)
  to   space 4096K, 0% used [0x00000000ec800000,0x00000000ec800000,0x00000000ecc00000)
 ParOldGen       total 68608K, used 3407K [0x00000000c0000000, 0x00000000c4300000, 0x00000000eab00000)
  object space 68608K, 4% used [0x00000000c0000000,0x00000000c0353c20,0x00000000c4300000)
 Metaspace       used 13884K, capacity 14857K, committed 15104K, reserved 1062912K
  class space    used 1359K, capacity 1683K, committed 1792K, reserved 1048576K
}
Event: 7.046 GC heap before
{Heap before GC invocations=4 (full 0):
 PSYoungGen      total 29696K, used 29684K [0x00000000eab00000, 0x00000000ecc00000, 0x0000000100000000)
  eden space 25600K, 100% used [0x00000000eab00000,0x00000000ec400000,0x00000000ec400000)
  from space 4096K, 99% used [0x00000000ec400000,0x00000000ec7fd228,0x00000000ec800000)
  to   space 4096K, 0% used [0x00000000ec800000,0x00000000ec800000,0x00000000ecc00000)
 ParOldGen       total 68608K, used 3407K [0x00000000c0000000, 0x00000000c4300000, 0x00000000eab00000)
  object space 68608K, 4% used [0x00000000c0000000,0x00000000c0353c20,0x00000000c4300000)
 Metaspace       used 17622K, capacity 18589K, committed 18944K, reserved 1067008K
  class space    used 1629K, capacity 1943K, committed 2048K, reserved 1048576K
}
Event: 7.067 GC heap after
{Heap after GC invocations=4 (full 0):
 PSYoungGen      total 29696K, used 3744K [0x00000000eab00000, 0x00000000ecc00000, 0x0000000100000000)
  eden space 25600K, 0% used [0x00000000eab00000,0x00000000eab00000,0x00000000ec400000)
  from space 4096K, 91% used [0x00000000ec800000,0x00000000ecba8388,0x00000000ecc00000)
  to   space 4096K, 0% used [0x00000000ec400000,0x00000000ec400000,0x00000000ec800000)
 ParOldGen       total 68608K, used 3407K [0x00000000c0000000, 0x00000000c4300000, 0x00000000eab00000)
  object space 68608K, 4% used [0x00000000c0000000,0x00000000c0353c20,0x00000000c4300000)
 Metaspace       used 17622K, capacity 18589K, committed 18944K, reserved 1067008K
  class space    used 1629K, capacity 1943K, committed 2048K, reserved 1048576K
}
Event: 7.673 GC heap before
{Heap before GC invocations=5 (full 0):
 PSYoungGen      total 29696K, used 21866K [0x00000000eab00000, 0x00000000ecc00000, 0x0000000100000000)
  eden space 25600K, 70% used [0x00000000eab00000,0x00000000ebcb2608,0x00000000ec400000)
  from space 4096K, 91% used [0x00000000ec800000,0x00000000ecba8388,0x00000000ecc00000)
  to   space 4096K, 0% used [0x00000000ec400000,0x00000000ec400000,0x00000000ec800000)
 ParOldGen       total 68608K, used 3407K [0x00000000c0000000, 0x00000000c4300000, 0x00000000eab00000)
  object space 68608K, 4% used [0x00000000c0000000,0x00000000c0353c20,0x00000000c4300000)
 Metaspace       used 20113K, capacity 21113K, committed 21248K, reserved 1069056K
  class space    used 1832K, capacity 2206K, committed 2304K, reserved 1048576K
}
Event: 7.700 GC heap after
{Heap after GC invocations=5 (full 0):
 PSYoungGen      total 29696K, used 4090K [0x00000000eab00000, 0x00000000ece00000, 0x0000000100000000)
  eden space 25600K, 0% used [0x00000000eab00000,0x00000000eab00000,0x00000000ec400000)
  from space 4096K, 99% used [0x00000000ec400000,0x00000000ec7fea58,0x00000000ec800000)
  to   space 5120K, 0% used [0x00000000ec900000,0x00000000ec900000,0x00000000ece00000)
 ParOldGen       total 68608K, used 4081K [0x00000000c0000000, 0x00000000c4300000, 0x00000000eab00000)
  object space 68608K, 5% used [0x00000000c0000000,0x00000000c03fc788,0x00000000c4300000)
 Metaspace       used 20113K, capacity 21113K, committed 21248K, reserved 1069056K
  class space    used 1832K, capacity 2206K, committed 2304K, reserved 1048576K
}
Event: 7.700 GC heap before
{Heap before GC invocations=6 (full 1):
 PSYoungGen      total 29696K, used 4090K [0x00000000eab00000, 0x00000000ece00000, 0x0000000100000000)
  eden space 25600K, 0% used [0x00000000eab00000,0x00000000eab00000,0x00000000ec400000)
  from space 4096K, 99% used [0x00000000ec400000,0x00000000ec7fea58,0x00000000ec800000)
  to   space 5120K, 0% used [0x00000000ec900000,0x00000000ec900000,0x00000000ece00000)
 ParOldGen       total 68608K, used 4081K [0x00000000c0000000, 0x00000000c4300000, 0x00000000eab00000)
  object space 68608K, 5% used [0x00000000c0000000,0x00000000c03fc788,0x00000000c4300000)
 Metaspace       used 20113K, capacity 21113K, committed 21248K, reserved 1069056K
  class space    used 1832K, capacity 2206K, committed 2304K, reserved 1048576K
}
Event: 7.818 GC heap after
{Heap after GC invocations=6 (full 1):
 PSYoungGen      total 29696K, used 0K [0x00000000eab00000, 0x00000000ece00000, 0x0000000100000000)
  eden space 25600K, 0% used [0x00000000eab00000,0x00000000eab00000,0x00000000ec400000)
  from space 4096K, 0% used [0x00000000ec400000,0x00000000ec400000,0x00000000ec800000)
  to   space 5120K, 0% used [0x00000000ec900000,0x00000000ec900000,0x00000000ece00000)
 ParOldGen       total 68608K, used 8057K [0x00000000c0000000, 0x00000000c4300000, 0x00000000eab00000)
  object space 68608K, 11% used [0x00000000c0000000,0x00000000c07de7c8,0x00000000c4300000)
 Metaspace       used 20113K, capacity 21113K, committed 21248K, reserved 1069056K
  class space    used 1832K, capacity 2206K, committed 2304K, reserved 1048576K
}
Event: 9.805 GC heap before
{Heap before GC invocations=7 (full 1):
 PSYoungGen      total 29696K, used 25600K [0x00000000eab00000, 0x00000000ece00000, 0x0000000100000000)
  eden space 25600K, 100% used [0x00000000eab00000,0x00000000ec400000,0x00000000ec400000)
  from space 4096K, 0% used [0x00000000ec400000,0x00000000ec400000,0x00000000ec800000)
  to   space 5120K, 0% used [0x00000000ec900000,0x00000000ec900000,0x00000000ece00000)
 ParOldGen       total 68608K, used 8057K [0x00000000c0000000, 0x00000000c4300000, 0x00000000eab00000)
  object space 68608K, 11% used [0x00000000c0000000,0x00000000c07de7c8,0x00000000c4300000)
 Metaspace       used 23533K, capacity 24830K, committed 25088K, reserved 1071104K
  class space    used 2312K, capacity 2775K, committed 2816K, reserved 1048576K
}
Event: 9.819 GC heap after
{Heap after GC invocations=7 (full 1):
 PSYoungGen      total 27648K, used 2145K [0x00000000eab00000, 0x00000000ecb80000, 0x0000000100000000)
  eden space 25088K, 0% used [0x00000000eab00000,0x00000000eab00000,0x00000000ec380000)
  from space 2560K, 83% used [0x00000000ec900000,0x00000000ecb18450,0x00000000ecb80000)
  to   space 3584K, 0% used [0x00000000ec480000,0x00000000ec480000,0x00000000ec800000)
 ParOldGen       total 68608K, used 8057K [0x00000000c0000000, 0x00000000c4300000, 0x00000000eab00000)
  object space 68608K, 11% used [0x00000000c0000000,0x00000000c07de7c8,0x00000000c4300000)
 Metaspace       used 23533K, capacity 24830K, committed 25088K, reserved 1071104K
  class space    used 2312K, capacity 2775K, committed 2816K, reserved 1048576K
}
Event: 10.560 GC heap before
{Heap before GC invocations=8 (full 1):
 PSYoungGen      total 27648K, used 27233K [0x00000000eab00000, 0x00000000ecb80000, 0x0000000100000000)
  eden space 25088K, 100% used [0x00000000eab00000,0x00000000ec380000,0x00000000ec380000)
  from space 2560K, 83% used [0x00000000ec900000,0x00000000ecb18450,0x00000000ecb80000)
  to   space 3584K, 0% used [0x00000000ec480000,0x00000000ec480000,0x00000000ec800000)
 ParOldGen       total 68608K, used 8057K [0x00000000c0000000, 0x00000000c4300000, 0x00000000eab00000)
  object space 68608K, 11% used [0x00000000c0000000,0x00000000c07de7c8,0x00000000c4300000)
 Metaspace       used 26281K, capacity 27726K, committed 28032K, reserved 1075200K
  class space    used 2666K, capacity 3140K, committed 3200K, reserved 1048576K
}
Event: 10.567 GC heap after
{Heap after GC invocations=8 (full 1):
 PSYoungGen      total 27648K, used 2759K [0x00000000eab00000, 0x00000000ec980000, 0x0000000100000000)
  eden space 24576K, 0% used [0x00000000eab00000,0x00000000eab00000,0x00000000ec300000)
  from space 3072K, 89% used [0x00000000ec480000,0x00000000ec731eb8,0x00000000ec780000)
  to   space 2048K, 0% used [0x00000000ec780000,0x00000000ec780000,0x00000000ec980000)
 ParOldGen       total 68608K, used 8065K [0x00000000c0000000, 0x00000000c4300000, 0x00000000eab00000)
  object space 68608K, 11% used [0x00000000c0000000,0x00000000c07e07c8,0x00000000c4300000)
 Metaspace       used 26281K, capacity 27726K, committed 28032K, reserved 1075200K
  class space    used 2666K, capacity 3140K, committed 3200K, reserved 1048576K
}
Event: 11.260 GC heap before
{Heap before GC invocations=9 (full 1):
 PSYoungGen      total 27648K, used 27335K [0x00000000eab00000, 0x00000000ec980000, 0x0000000100000000)
  eden space 24576K, 100% used [0x00000000eab00000,0x00000000ec300000,0x00000000ec300000)
  from space 3072K, 89% used [0x00000000ec480000,0x00000000ec731eb8,0x00000000ec780000)
  to   space 2048K, 0% used [0x00000000ec780000,0x00000000ec780000,0x00000000ec980000)
 ParOldGen       total 68608K, used 8065K [0x00000000c0000000, 0x00000000c4300000, 0x00000000eab00000)
  object space 68608K, 11% used [0x00000000c0000000,0x00000000c07e07c8,0x00000000c4300000)
 Metaspace       used 28459K, capacity 30102K, committed 30208K, reserved 1075200K
  class space    used 2970K, capacity 3546K, committed 3584K, reserved 1048576K
}
Event: 11.267 GC heap after
{Heap after GC invocations=9 (full 1):
 PSYoungGen      total 26112K, used 2040K [0x00000000eab00000, 0x00000000ecb80000, 0x0000000100000000)
  eden space 24064K, 0% used [0x00000000eab00000,0x00000000eab00000,0x00000000ec280000)
  from space 2048K, 99% used [0x00000000ec780000,0x00000000ec97e120,0x00000000ec980000)
  to   space 4608K, 0% used [0x00000000ec280000,0x00000000ec280000,0x00000000ec700000)
 ParOldGen       total 68608K, used 10122K [0x00000000c0000000, 0x00000000c4300000, 0x00000000eab00000)
  object space 68608K, 14% used [0x00000000c0000000,0x00000000c09e2828,0x00000000c4300000)
 Metaspace       used 28459K, capacity 30102K, committed 30208K, reserved 1075200K
  class space    used 2970K, capacity 3546K, committed 3584K, reserved 1048576K
}
Event: 12.167 GC heap before
{Heap before GC invocations=10 (full 1):
 PSYoungGen      total 26112K, used 26104K [0x00000000eab00000, 0x00000000ecb80000, 0x0000000100000000)
  eden space 24064K, 100% used [0x00000000eab00000,0x00000000ec280000,0x00000000ec280000)
  from space 2048K, 99% used [0x00000000ec780000,0x00000000ec97e120,0x00000000ec980000)
  to   space 4608K, 0% used [0x00000000ec280000,0x00000000ec280000,0x00000000ec700000)
 ParOldGen       total 68608K, used 10122K [0x00000000c0000000, 0x00000000c4300000, 0x00000000eab00000)
  object space 68608K, 14% used [0x00000000c0000000,0x00000000c09e2828,0x00000000c4300000)
 Metaspace       used 30265K, capacity 31843K, committed 32000K, reserved 1077248K
  class space    used 3146K, capacity 3734K, committed 3840K, reserved 1048576K
}
Event: 12.175 GC heap after
{Heap after GC invocations=10 (full 1):
 PSYoungGen      total 26112K, used 2113K [0x00000000eab00000, 0x00000000ec800000, 0x0000000100000000)
  eden space 23552K, 0% used [0x00000000eab00000,0x00000000eab00000,0x00000000ec200000)
  from space 2560K, 82% used [0x00000000ec280000,0x00000000ec490568,0x00000000ec500000)
  to   space 3072K, 0% used [0x00000000ec500000,0x00000000ec500000,0x00000000ec800000)
 ParOldGen       total 68608K, used 11297K [0x00000000c0000000, 0x00000000c4300000, 0x00000000eab00000)
  object space 68608K, 16% used [0x00000000c0000000,0x00000000c0b08680,0x00000000c4300000)
 Metaspace       used 30265K, capacity 31843K, committed 32000K, reserved 1077248K
  class space    used 3146K, capacity 3734K, committed 3840K, reserved 1048576K
}
Event: 12.842 GC heap before
{Heap before GC invocations=11 (full 1):
 PSYoungGen      total 26112K, used 21947K [0x00000000eab00000, 0x00000000ec800000, 0x0000000100000000)
  eden space 23552K, 84% used [0x00000000eab00000,0x00000000ebe5ea88,0x00000000ec200000)
  from space 2560K, 82% used [0x00000000ec280000,0x00000000ec490568,0x00000000ec500000)
  to   space 3072K, 0% used [0x00000000ec500000,0x00000000ec500000,0x00000000ec800000)
 ParOldGen       total 68608K, used 11297K [0x00000000c0000000, 0x00000000c4300000, 0x00000000eab00000)
  object space 68608K, 16% used [0x00000000c0000000,0x00000000c0b08680,0x00000000c4300000)
 Metaspace       used 33475K, capacity 35260K, committed 35416K, reserved 1081344K
  class space    used 3510K, capacity 4155K, committed 4224K, reserved 1048576K
}
Event: 12.850 GC heap after
{Heap after GC invocations=11 (full 1):
 PSYoungGen      total 23552K, used 3047K [0x00000000eab00000, 0x00000000ece00000, 0x0000000100000000)
  eden space 20480K, 0% used [0x00000000eab00000,0x00000000eab00000,0x00000000ebf00000)
  from space 3072K, 99% used [0x00000000ec500000,0x00000000ec7f9c98,0x00000000ec800000)
  to   space 6144K, 0% used [0x00000000ebf00000,0x00000000ebf00000,0x00000000ec500000)
 ParOldGen       total 68608K, used 13520K [0x00000000c0000000, 0x00000000c4300000, 0x00000000eab00000)
  object space 68608K, 19% used [0x00000000c0000000,0x00000000c0d34148,0x00000000c4300000)
 Metaspace       used 33475K, capacity 35260K, committed 35416K, reserved 1081344K
  class space    used 3510K, capacity 4155K, committed 4224K, reserved 1048576K
}
Event: 12.850 GC heap before
{Heap before GC invocations=12 (full 2):
 PSYoungGen      total 23552K, used 3047K [0x00000000eab00000, 0x00000000ece00000, 0x0000000100000000)
  eden space 20480K, 0% used [0x00000000eab00000,0x00000000eab00000,0x00000000ebf00000)
  from space 3072K, 99% used [0x00000000ec500000,0x00000000ec7f9c98,0x00000000ec800000)
  to   space 6144K, 0% used [0x00000000ebf00000,0x00000000ebf00000,0x00000000ec500000)
 ParOldGen       total 68608K, used 13520K [0x00000000c0000000, 0x00000000c4300000, 0x00000000eab00000)
  object space 68608K, 19% used [0x00000000c0000000,0x00000000c0d34148,0x00000000c4300000)
 Metaspace       used 33475K, capacity 35260K, committed 35416K, reserved 1081344K
  class space    used 3510K, capacity 4155K, committed 4224K, reserved 1048576K
}
Event: 12.960 GC heap after
{Heap after GC invocations=12 (full 2):
 PSYoungGen      total 23552K, used 0K [0x00000000eab00000, 0x00000000ece00000, 0x0000000100000000)
  eden space 20480K, 0% used [0x00000000eab00000,0x00000000eab00000,0x00000000ebf00000)
  from space 3072K, 0% used [0x00000000ec500000,0x00000000ec500000,0x00000000ec800000)
  to   space 6144K, 0% used [0x00000000ebf00000,0x00000000ebf00000,0x00000000ec500000)
 ParOldGen       total 68608K, used 16223K [0x00000000c0000000, 0x00000000c4300000, 0x00000000eab00000)
  object space 68608K, 23% used [0x00000000c0000000,0x00000000c0fd7c60,0x00000000c4300000)
 Metaspace       used 33475K, capacity 35260K, committed 35416K, reserved 1081344K
  class space    used 3510K, capacity 4155K, committed 4224K, reserved 1048576K
}

